[0m[[0minfo[0m] [0m[32mEventReaderActorSpec:[0m[0m
[0m[[0minfo[0m] [0m[32mAn EventReader actor[0m[0m
[0m[[0minfo[0m] [0m[31m- must send back parsed messages *** FAILED ***[0m[0m
[0m[[0minfo[0m] [0m[31m  java.lang.AssertionError: assertion failed: timeout (3 seconds) during expectMsg while waiting for com.example.EventReader$StartParsing$@5d2ec1db[0m[0m
[0m[[0minfo[0m] [0m[31m  at scala.Predef$.assert(Predef.scala:165)[0m[0m
[0m[[0minfo[0m] [0m[31m  at akka.testkit.TestKitBase$class.expectMsg_internal(TestKit.scala:338)[0m[0m
[0m[[0minfo[0m] [0m[31m  at akka.testkit.TestKitBase$class.expectMsg(TestKit.scala:315)[0m[0m
[0m[[0minfo[0m] [0m[31m  at akka.testkit.TestKit.expectMsg(TestKit.scala:718)[0m[0m
[0m[[0minfo[0m] [0m[31m  at com.example.EventReaderActorSpec$$anonfun$1$$anonfun$apply$mcV$sp$1.apply$mcV$sp(EventReaderActorSpec.scala:26)[0m[0m
[0m[[0minfo[0m] [0m[31m  at com.example.EventReaderActorSpec$$anonfun$1$$anonfun$apply$mcV$sp$1.apply(EventReaderActorSpec.scala:21)[0m[0m
[0m[[0minfo[0m] [0m[31m  at com.example.EventReaderActorSpec$$anonfun$1$$anonfun$apply$mcV$sp$1.apply(EventReaderActorSpec.scala:21)[0m[0m
[0m[[0minfo[0m] [0m[31m  at org.scalatest.Transformer$$anonfun$apply$1.apply$mcV$sp(Transformer.scala:22)[0m[0m
[0m[[0minfo[0m] [0m[31m  at org.scalatest.OutcomeOf$class.outcomeOf(OutcomeOf.scala:85)[0m[0m
[0m[[0minfo[0m] [0m[31m  at org.scalatest.OutcomeOf$.outcomeOf(OutcomeOf.scala:104)[0m[0m
[0m[[0minfo[0m] [0m[31m  ...[0m[0m
