[0m[[0minfo[0m] [0m[32mEventReaderActorSpec:[0m[0m
[0m[[0minfo[0m] [0m[32mAn EventProxy actor[0m[0m
[0m[[0minfo[0m] [0m[32m- must get Request message[0m[0m
[0m[[0minfo[0m] [0m[32mAn EventProxy actor[0m[0m
[0m[[0minfo[0m] [0m[31m- must get all Request message *** FAILED ***[0m[0m
[0m[[0minfo[0m] [0m[31m  java.lang.AssertionError: assertion failed: timeout (5 seconds) while expecting 1232 messages (got 0)[0m[0m
[0m[[0minfo[0m] [0m[31m  at scala.Predef$.assert(Predef.scala:165)[0m[0m
[0m[[0minfo[0m] [0m[31m  at akka.testkit.TestKitBase$$anonfun$receiveN_internal$1.apply(TestKit.scala:633)[0m[0m
[0m[[0minfo[0m] [0m[31m  at akka.testkit.TestKitBase$$anonfun$receiveN_internal$1.apply(TestKit.scala:630)[0m[0m
[0m[[0minfo[0m] [0m[31m  at scala.collection.TraversableLike$$anonfun$map$1.apply(TraversableLike.scala:245)[0m[0m
[0m[[0minfo[0m] [0m[31m  at scala.collection.TraversableLike$$anonfun$map$1.apply(TraversableLike.scala:245)[0m[0m
[0m[[0minfo[0m] [0m[31m  at scala.collection.immutable.Range.foreach(Range.scala:166)[0m[0m
[0m[[0minfo[0m] [0m[31m  at scala.collection.TraversableLike$class.map(TraversableLike.scala:245)[0m[0m
[0m[[0minfo[0m] [0m[31m  at scala.collection.AbstractTraversable.map(Traversable.scala:104)[0m[0m
[0m[[0minfo[0m] [0m[31m  at akka.testkit.TestKitBase$class.receiveN_internal(TestKit.scala:630)[0m[0m
[0m[[0minfo[0m] [0m[31m  at akka.testkit.TestKitBase$class.receiveN(TestKit.scala:626)[0m[0m
[0m[[0minfo[0m] [0m[31m  ...[0m[0m
